Using pre-set license
Built from '2020.2/staging' branch; Version is '2020.2.3f1 (8ff31bc5bf5b) revision 9433883'; Using compiler version '192528614'; Build Type 'Release'
OS: 'Windows 10 Home Single Language; OS build 19042.985; Version 2009; 64bit' Language: 'en' Physical Memory: 16314 MB
BatchMode: 1, IsHumanControllingUs: 0, StartBugReporterOnCrash: 0, Is64bit: 1, IsPro: 0

 COMMAND LINE ARGUMENTS:
C:\Program Files\Unity\Hub\Editor\2020.2.3f1\Editor\Unity.exe
-adb2
-batchMode
-noUpm
-name
AssetImportWorker0
-projectPath
C:/Users/Hardwin/Desktop/Unity-SpriteShader-master/GoodAI Bulls and Cows
-logFile
Logs/AssetImportWorker0.log
-srvPort
49329
Successfully changed project path to: C:/Users/Hardwin/Desktop/Unity-SpriteShader-master/GoodAI Bulls and Cows
C:/Users/Hardwin/Desktop/Unity-SpriteShader-master/GoodAI Bulls and Cows
Using Asset Import Pipeline V2.
Refreshing native plugins compatible for Editor in 30.80 ms, found 0 plugins.
Preloading 0 native plugins for Editor in 0.00 ms.
Initialize engine version: 2020.2.3f1 (8ff31bc5bf5b)
[Subsystems] Discovering subsystems at path C:/Program Files/Unity/Hub/Editor/2020.2.3f1/Editor/Data/Resources/UnitySubsystems
[Subsystems] Discovering subsystems at path C:/Users/Hardwin/Desktop/Unity-SpriteShader-master/GoodAI Bulls and Cows/Assets
GfxDevice: creating device client; threaded=0
Direct3D:
    Version:  Direct3D 11.0 [level 11.1]
    Renderer: NVIDIA GeForce RTX 2070 (ID=0x1f02)
    Vendor:   
    VRAM:     8031 MB
    Driver:   27.21.14.6589
Initialize mono
Mono path[0] = 'C:/Program Files/Unity/Hub/Editor/2020.2.3f1/Editor/Data/Managed'
Mono path[1] = 'C:/Program Files/Unity/Hub/Editor/2020.2.3f1/Editor/Data/MonoBleedingEdge/lib/mono/unityjit'
Mono config path = 'C:/Program Files/Unity/Hub/Editor/2020.2.3f1/Editor/Data/MonoBleedingEdge/etc'
Using monoOptions --debugger-agent=transport=dt_socket,embedding=1,server=y,suspend=n,address=127.0.0.1:56380
Begin MonoManager ReloadAssembly
Registering precompiled unity dll's ...
Register platform support module: C:/Program Files/Unity/Hub/Editor/2020.2.3f1/Editor/Data/PlaybackEngines/WebGLSupport/UnityEditor.WebGL.Extensions.dll
Register platform support module: C:/Program Files/Unity/Hub/Editor/2020.2.3f1/Editor/Data/PlaybackEngines/MacStandaloneSupport/UnityEditor.OSXStandalone.Extensions.dll
Register platform support module: C:/Program Files/Unity/Hub/Editor/2020.2.3f1/Editor/Data/PlaybackEngines/WindowsStandaloneSupport/UnityEditor.WindowsStandalone.Extensions.dll
Registered in 0.003437 seconds.
Native extension for WindowsStandalone target not found
Native extension for OSXStandalone target not found
Native extension for WebGL target not found
Refreshing native plugins compatible for Editor in 30.02 ms, found 0 plugins.
Preloading 0 native plugins for Editor in 0.00 ms.
Invoked RoslynAnalysisRunner static constructor.
RoslynAnalysisRunner will not be running.
RoslynAnalysisRunner has terminated.
Mono: successfully reloaded assembly
- Completed reload, in  1.326 seconds
Platform modules already initialized, skipping
Registering precompiled user dll's ...
Registered in 0.000813 seconds.
Begin MonoManager ReloadAssembly
Native extension for WindowsStandalone target not found
Native extension for OSXStandalone target not found
Native extension for WebGL target not found
Refreshing native plugins compatible for Editor in 0.30 ms, found 0 plugins.
Preloading 0 native plugins for Editor in 0.00 ms.
Invoked RoslynAnalysisRunner static constructor.
RoslynAnalysisRunner will not be running.
RoslynAnalysisRunner has terminated.
Mono: successfully reloaded assembly
- Completed reload, in  0.857 seconds
Platform modules already initialized, skipping
========================================================================
Worker process is ready to serve import requests
Launched and connected shader compiler UnityShaderCompiler.exe after 0.05 seconds
Refreshing native plugins compatible for Editor in 0.29 ms, found 0 plugins.
Preloading 0 native plugins for Editor in 0.00 ms.
Unloading 1154 Unused Serialized files (Serialized files now loaded: 0)
System memory in use before: 64.1 MB.
System memory in use after: 64.2 MB.

Unloading 9 unused Assets to reduce memory usage. Loaded Objects now: 1601.
Total: 2.043500 ms (FindLiveObjects: 0.261200 ms CreateObjectMapping: 0.047000 ms MarkObjects: 1.653600 ms  DeleteObjects: 0.080300 ms)

========================================================================
Received Import Request.
  path: Assets/Maker Screen.prefab
  artifactKey: Guid(5b8f20519d824e5458ad9af991c6e360) Importer(815301076,1909f56bfc062723c751e8b465ee728b)
Start importing Assets/Maker Screen.prefab using Guid(5b8f20519d824e5458ad9af991c6e360) Importer(815301076,1909f56bfc062723c751e8b465ee728b)  -> (artifact id: '81f99c891be9f4c4c7cf214464199bac') in 0.212161 seconds
  Import took 0.214519 seconds .

========================================================================
Received Import Request.
  Time since last request: 524.458245 seconds.
  path: Assets/unity-chan!/Unity-chan! Model/Scripts
  artifactKey: Guid(bcd7a07ee4a0c614a93bc492b082f7a3) Importer(815301076,1909f56bfc062723c751e8b465ee728b)
Start importing Assets/unity-chan!/Unity-chan! Model/Scripts using Guid(bcd7a07ee4a0c614a93bc492b082f7a3) Importer(815301076,1909f56bfc062723c751e8b465ee728b)  -> (artifact id: '0a9c4e74bf82050ef0b935e16b80f096') in 0.009131 seconds
  Import took 0.011417 seconds .

========================================================================
Received Import Request.
  Time since last request: 8.548011 seconds.
  path: Assets/unity-chan!/Unity-chan! Model/Scripts/CameraController.cs
  artifactKey: Guid(bd026706e81db0440add962177d87b23) Importer(815301076,1909f56bfc062723c751e8b465ee728b)
Start importing Assets/unity-chan!/Unity-chan! Model/Scripts/CameraController.cs using Guid(bd026706e81db0440add962177d87b23) Importer(815301076,1909f56bfc062723c751e8b465ee728b)  -> (artifact id: '53a1544b659c04d3ccdbda1b44f347f0') in 0.012756 seconds
  Import took 0.014792 seconds .

========================================================================
Received Prepare
Registering precompiled user dll's ...
Registered in 0.000861 seconds.
Begin MonoManager ReloadAssembly
Native extension for WindowsStandalone target not found
Native extension for OSXStandalone target not found
Native extension for WebGL target not found
Refreshing native plugins compatible for Editor in 0.43 ms, found 0 plugins.
Preloading 0 native plugins for Editor in 0.00 ms.
Invoked RoslynAnalysisRunner static constructor.
RoslynAnalysisRunner will not be running.
RoslynAnalysisRunner has terminated.
Mono: successfully reloaded assembly
- Completed reload, in  0.802 seconds
Platform modules already initialized, skipping
Refreshing native plugins compatible for Editor in 0.30 ms, found 0 plugins.
Preloading 0 native plugins for Editor in 0.00 ms.
Unloading 1123 Unused Serialized files (Serialized files now loaded: 0)
System memory in use before: 62.3 MB.
System memory in use after: 62.4 MB.

Unloading 6 unused Assets to reduce memory usage. Loaded Objects now: 1603.
Total: 1.865000 ms (FindLiveObjects: 0.235600 ms CreateObjectMapping: 0.031300 ms MarkObjects: 1.567000 ms  DeleteObjects: 0.029200 ms)

========================================================================
Received Import Request.
  Time since last request: 22.036087 seconds.
  path: Assets/unity-chan!/Unity-chan! Model/Scripts/SpringCollider.cs
  artifactKey: Guid(fcb73b690c023734fb267911061a15c6) Importer(815301076,1909f56bfc062723c751e8b465ee728b)
Start importing Assets/unity-chan!/Unity-chan! Model/Scripts/SpringCollider.cs using Guid(fcb73b690c023734fb267911061a15c6) Importer(815301076,1909f56bfc062723c751e8b465ee728b)  -> (artifact id: '603bdb781ca332569f8f5c20a7dd2285') in 0.008713 seconds
  Import took 0.010764 seconds .

========================================================================
Received Import Request.
  Time since last request: 0.033904 seconds.
  path: Assets/unity-chan!/Unity-chan! Model/Scripts/SpringCollider.cs
  artifactKey: Guid(fcb73b690c023734fb267911061a15c6) Importer(815301076,1909f56bfc062723c751e8b465ee728b)
Start importing Assets/unity-chan!/Unity-chan! Model/Scripts/SpringCollider.cs using Guid(fcb73b690c023734fb267911061a15c6) Importer(815301076,1909f56bfc062723c751e8b465ee728b)  -> (artifact id: '603bdb781ca332569f8f5c20a7dd2285') in 0.002421 seconds
  Import took 0.004388 seconds .

========================================================================
Received Prepare
Registering precompiled user dll's ...
Registered in 0.000943 seconds.
Begin MonoManager ReloadAssembly
Native extension for WindowsStandalone target not found
Native extension for OSXStandalone target not found
Native extension for WebGL target not found
Refreshing native plugins compatible for Editor in 0.28 ms, found 0 plugins.
Preloading 0 native plugins for Editor in 0.00 ms.
Invoked RoslynAnalysisRunner static constructor.
RoslynAnalysisRunner will not be running.
RoslynAnalysisRunner has terminated.
Mono: successfully reloaded assembly
- Completed reload, in  0.810 seconds
Platform modules already initialized, skipping
Refreshing native plugins compatible for Editor in 0.52 ms, found 0 plugins.
Preloading 0 native plugins for Editor in 0.00 ms.
Unloading 1123 Unused Serialized files (Serialized files now loaded: 0)
System memory in use before: 62.4 MB.
System memory in use after: 62.5 MB.

Unloading 4 unused Assets to reduce memory usage. Loaded Objects now: 1606.
Total: 2.407200 ms (FindLiveObjects: 0.209400 ms CreateObjectMapping: 0.030400 ms MarkObjects: 2.144800 ms  DeleteObjects: 0.021200 ms)

========================================================================
Received Import Request.
  Time since last request: 36.405650 seconds.
  path: Assets/unity-chan!/Unity-chan! Model/Scripts/UnityChanControlScriptWithRgidBody.cs
  artifactKey: Guid(9001bcbd91e76437cb0f52f12764f2f0) Importer(815301076,1909f56bfc062723c751e8b465ee728b)
Start importing Assets/unity-chan!/Unity-chan! Model/Scripts/UnityChanControlScriptWithRgidBody.cs using Guid(9001bcbd91e76437cb0f52f12764f2f0) Importer(815301076,1909f56bfc062723c751e8b465ee728b)  -> (artifact id: 'a92ae35a43b7fbd46c73209e598c7daf') in 0.011459 seconds
  Import took 0.013682 seconds .

========================================================================
Received Import Request.
  Time since last request: 0.012836 seconds.
  path: Assets/unity-chan!/Unity-chan! Model/Scripts/UnityChanControlScriptWithRgidBody.cs
  artifactKey: Guid(9001bcbd91e76437cb0f52f12764f2f0) Importer(815301076,1909f56bfc062723c751e8b465ee728b)
Start importing Assets/unity-chan!/Unity-chan! Model/Scripts/UnityChanControlScriptWithRgidBody.cs using Guid(9001bcbd91e76437cb0f52f12764f2f0) Importer(815301076,1909f56bfc062723c751e8b465ee728b)  -> (artifact id: 'a92ae35a43b7fbd46c73209e598c7daf') in 0.002412 seconds
  Import took 0.004350 seconds .

========================================================================
Received Prepare
Registering precompiled user dll's ...
Registered in 0.000840 seconds.
Begin MonoManager ReloadAssembly
Native extension for WindowsStandalone target not found
Native extension for OSXStandalone target not found
Native extension for WebGL target not found
Refreshing native plugins compatible for Editor in 0.32 ms, found 0 plugins.
Preloading 0 native plugins for Editor in 0.00 ms.
Invoked RoslynAnalysisRunner static constructor.
RoslynAnalysisRunner will not be running.
RoslynAnalysisRunner has terminated.
Mono: successfully reloaded assembly
- Completed reload, in  0.800 seconds
Platform modules already initialized, skipping
Refreshing native plugins compatible for Editor in 0.28 ms, found 0 plugins.
Preloading 0 native plugins for Editor in 0.00 ms.
Unloading 1122 Unused Serialized files (Serialized files now loaded: 0)
System memory in use before: 62.3 MB.
System memory in use after: 62.4 MB.

Unloading 5 unused Assets to reduce memory usage. Loaded Objects now: 1608.
Total: 1.534100 ms (FindLiveObjects: 0.156500 ms CreateObjectMapping: 0.026500 ms MarkObjects: 1.334900 ms  DeleteObjects: 0.014900 ms)

========================================================================
Received Import Request.
  Time since last request: 9.096483 seconds.
  path: Assets/unity-chan!/Unity-chan! Model/Scripts/IKCtrlRightHand.cs
  artifactKey: Guid(16931e3bbabb00f478bbbe4759af8343) Importer(815301076,1909f56bfc062723c751e8b465ee728b)
Start importing Assets/unity-chan!/Unity-chan! Model/Scripts/IKCtrlRightHand.cs using Guid(16931e3bbabb00f478bbbe4759af8343) Importer(815301076,1909f56bfc062723c751e8b465ee728b)  -> (artifact id: '8ec6a2447d575520c7b57cc8da6ab360') in 0.011604 seconds
  Import took 0.013594 seconds .

========================================================================
Received Import Request.
  Time since last request: 0.024181 seconds.
  path: Assets/unity-chan!/Unity-chan! Model/Scripts/IKCtrlRightHand.cs
  artifactKey: Guid(16931e3bbabb00f478bbbe4759af8343) Importer(815301076,1909f56bfc062723c751e8b465ee728b)
Start importing Assets/unity-chan!/Unity-chan! Model/Scripts/IKCtrlRightHand.cs using Guid(16931e3bbabb00f478bbbe4759af8343) Importer(815301076,1909f56bfc062723c751e8b465ee728b)  -> (artifact id: '8ec6a2447d575520c7b57cc8da6ab360') in 0.002570 seconds
  Import took 0.004516 seconds .

========================================================================
Received Import Request.
  Time since last request: 3.284030 seconds.
  path: Assets/unity-chan!/Unity-chan! Model/Scripts/ThirdPersonCamera.cs
  artifactKey: Guid(bd9604897707c4879978b864a8be4d39) Importer(815301076,1909f56bfc062723c751e8b465ee728b)
Start importing Assets/unity-chan!/Unity-chan! Model/Scripts/ThirdPersonCamera.cs using Guid(bd9604897707c4879978b864a8be4d39) Importer(815301076,1909f56bfc062723c751e8b465ee728b)  -> (artifact id: 'c7dcdedbdcb2fbf8945f57af78b6d95b') in 0.006905 seconds
  Import took 0.008981 seconds .

========================================================================
Received Prepare
Registering precompiled user dll's ...
Registered in 0.000843 seconds.
Begin MonoManager ReloadAssembly
Native extension for WindowsStandalone target not found
Native extension for OSXStandalone target not found
Native extension for WebGL target not found
Refreshing native plugins compatible for Editor in 0.28 ms, found 0 plugins.
Preloading 0 native plugins for Editor in 0.00 ms.
Invoked RoslynAnalysisRunner static constructor.
RoslynAnalysisRunner will not be running.
RoslynAnalysisRunner has terminated.
Mono: successfully reloaded assembly
- Completed reload, in  0.773 seconds
Platform modules already initialized, skipping
Refreshing native plugins compatible for Editor in 0.33 ms, found 0 plugins.
Preloading 0 native plugins for Editor in 0.00 ms.
Unloading 1121 Unused Serialized files (Serialized files now loaded: 0)
System memory in use before: 62.3 MB.
System memory in use after: 62.4 MB.

Unloading 5 unused Assets to reduce memory usage. Loaded Objects now: 1610.
Total: 1.647700 ms (FindLiveObjects: 0.171800 ms CreateObjectMapping: 0.027300 ms MarkObjects: 1.429500 ms  DeleteObjects: 0.018200 ms)

========================================================================
Received Import Request.
  Time since last request: 7.084011 seconds.
  path: Assets/unity-chan!/Unity-chan! Model/Scripts/FaceUpdate.cs
  artifactKey: Guid(5e658bfc1e524494b9e54a1c92d8c1e0) Importer(815301076,1909f56bfc062723c751e8b465ee728b)
Start importing Assets/unity-chan!/Unity-chan! Model/Scripts/FaceUpdate.cs using Guid(5e658bfc1e524494b9e54a1c92d8c1e0) Importer(815301076,1909f56bfc062723c751e8b465ee728b)  -> (artifact id: 'c04c1633f5abe38055231fea0b292a99') in 0.008712 seconds
  Import took 0.010660 seconds .

========================================================================
Received Prepare
Registering precompiled user dll's ...
Registered in 0.000866 seconds.
Begin MonoManager ReloadAssembly
Native extension for WindowsStandalone target not found
Native extension for OSXStandalone target not found
Native extension for WebGL target not found
Refreshing native plugins compatible for Editor in 0.28 ms, found 0 plugins.
Preloading 0 native plugins for Editor in 0.00 ms.
Invoked RoslynAnalysisRunner static constructor.
RoslynAnalysisRunner will not be running.
RoslynAnalysisRunner has terminated.
Mono: successfully reloaded assembly
- Completed reload, in  0.807 seconds
Platform modules already initialized, skipping
Refreshing native plugins compatible for Editor in 0.28 ms, found 0 plugins.
Preloading 0 native plugins for Editor in 0.00 ms.
Unloading 1119 Unused Serialized files (Serialized files now loaded: 0)
System memory in use before: 62.3 MB.
System memory in use after: 62.4 MB.

Unloading 6 unused Assets to reduce memory usage. Loaded Objects now: 1611.
Total: 1.806000 ms (FindLiveObjects: 0.162800 ms CreateObjectMapping: 0.026900 ms MarkObjects: 1.587000 ms  DeleteObjects: 0.028100 ms)

========================================================================
Received Prepare
Registering precompiled user dll's ...
Registered in 0.000792 seconds.
Begin MonoManager ReloadAssembly
Native extension for WindowsStandalone target not found
Native extension for OSXStandalone target not found
Native extension for WebGL target not found
Refreshing native plugins compatible for Editor in 0.30 ms, found 0 plugins.
Preloading 0 native plugins for Editor in 0.00 ms.
Invoked RoslynAnalysisRunner static constructor.
RoslynAnalysisRunner will not be running.
RoslynAnalysisRunner has terminated.
Mono: successfully reloaded assembly
- Completed reload, in  0.786 seconds
Platform modules already initialized, skipping
Refreshing native plugins compatible for Editor in 0.39 ms, found 0 plugins.
Preloading 0 native plugins for Editor in 0.00 ms.
Unloading 1118 Unused Serialized files (Serialized files now loaded: 0)
System memory in use before: 62.3 MB.
System memory in use after: 62.4 MB.

Unloading 5 unused Assets to reduce memory usage. Loaded Objects now: 1613.
Total: 1.776200 ms (FindLiveObjects: 0.248200 ms CreateObjectMapping: 0.033800 ms MarkObjects: 1.470100 ms  DeleteObjects: 0.022800 ms)

